#
# A fatal error has been detected by the Java Runtime Environment:
#
#  EXCEPTION_ACCESS_VIOLATION (0xc0000005) at pc=0x00007ffc3df2fa7a, pid=27324, tid=21728
#
# JRE version: OpenJDK Runtime Environment Temurin-17.0.4+8 (17.0.4+8) (build 17.0.4+8)
# Java VM: OpenJDK 64-Bit Server VM Temurin-17.0.4+8 (17.0.4+8, mixed mode, tiered, compressed oops, compressed class ptrs, g1 gc, windows-amd64)
# Problematic frame:
# V  [jvm.dll+0x79fa7a]
#
# No core dump will be written. Minidumps are not enabled by default on client versions of Windows
#
# If you would like to submit a bug report, please visit:
#   https://github.com/adoptium/adoptium-support/issues
#

---------------  S U M M A R Y ------------

Command Line: -XX:+ShowCodeDetailsInExceptionMessages -agentlib:jdwp=transport=dt_socket,suspend=y,address=localhost:25981 -ea -javaagent:C:\Users\xabar\eclipse\java-2022-06\eclipse\configuration\org.eclipse.osgi\215\0\.cp\lib\javaagent-shaded.jar -Dfile.encoding=UTF-8 org.eclipse.jdt.internal.junit.runner.RemoteTestRunner -version 3 -port 25980 -testLoaderClass org.eclipse.jdt.internal.junit4.runner.JUnit4TestLoader -loaderpluginname org.eclipse.jdt.junit4.runtime -classNames spacecolonies.PlanetTest

Host: 11th Gen Intel(R) Core(TM) i7-11800H @ 2.30GHz, 16 cores, 15G,  Windows 11 , 64 bit Build 22000 (10.0.22000.708)
Time: Wed Nov  9 19:49:02 2022 Eastern Standard Time elapsed time: 186.225590 seconds (0d 0h 3m 6s)

---------------  T H R E A D  ---------------

Current thread (0x00000142b95372f0):  JavaThread "JDWP Transport Listener: dt_socket" daemon [_thread_in_vm, id=21728, stack(0x00000034fd700000,0x00000034fd800000)]

Stack: [0x00000034fd700000,0x00000034fd800000],  sp=0x00000034fd7ff4e0,  free space=1021k
Native frames: (J=compiled Java code, j=interpreted, Vv=VM code, C=native code)
V  [jvm.dll+0x79fa7a]
V  [jvm.dll+0x50963c]
V  [jvm.dll+0x4d0ca4]
C  [jdwp.dll+0x22f7b]


siginfo: EXCEPTION_ACCESS_VIOLATION (0xc0000005), reading address 0x00000000009e0005


Register to memory mapping:

RIP=0x00007ffc3df2fa7a jvm.dll
RAX=0x000000000000009d is an unknown value
RBX=0x00000142b8d95e87 points into unknown readable memory: 00
RCX=0x00000000009e0001 is an unknown value
RDX=0x0000014296afc330 points into unknown readable memory: 0x6f6365636170734c | 4c 73 70 61 63 65 63 6f
RSP=0x00000034fd7ff4e0 is pointing into the stack for thread: 0x00000142b95372f0
RBP=0x00000142b8f53fb0 points into unknown readable memory: 0x0000000000000002 | 02 00 00 00 00 00 00 00
RSI=0x0 is NULL
RDI=0xffffffffffffffff is an unknown value
R8 =0x0000000000000016 is an unknown value
R9 =0x000000000000001d is an unknown value
R10=0x0 is NULL
R11=0x00000034fd7ff500 is pointing into the stack for thread: 0x00000142b95372f0
R12=0x00000034fd7ff638 is pointing into the stack for thread: 0x00000142b95372f0
R13=0x0 is NULL
R14=0x0000000800113b68 is a pointer to class: 
spacecolonies.Planet {0x0000000800113b70}
 - instance size:     4
 - klass size:        80
 - access:            public synchronized 
 - state:             fully_initialized
 - name:              'spacecolonies/Planet'
 - super:             'java/lang/Object'
 - sub:               
 - arrays:            NULL
 - methods:           Array<T>(0x00000142ba3379d0)
 - method ordering:   Array<T>(0x00000142ba338520)
 - default_methods:   Array<T>(0x0000000000000000)
 - local interfaces:  Array<T>(0x00000142ba09c680)
 - trans. interfaces: Array<T>(0x00000142ba09c680)
 - constants:         constant pool [169] {0x00000142ba33b4c0} for 'spacecolonies/Planet' cache=0x00000142ba339948
 - class loader data:  loader data: 0x00000142b8db2a00 for instance a 'jdk/internal/loader/ClassLoaders$AppClassLoader'{0x0000000713e615a0}
 - source file:       'Planet.java'
 - source debug extension:       SMAP
Planet.java
Java
*S jdt
*F
1 Planet.java
2 file:/C:/Users/xabar/Desktop/College/CS2114/SpaceColonies/bin/
*L
*E

 - class annotations:       Array<T>(0x0000000000000000)
 - class type annotations:  Array<T>(0x0000000000000000)
 - field annotations:       Array<T>(0x0000000000000000)
 - field type annotations:  Array<T>(0x0000000000000000)
 - generic signature: '
[error occurred during error reporting (printing register info), id 0xc0000005, EXCEPTION_ACCESS_VIOLATION (0xc0000005) at pc=0x00007ffc3df30686]

Registers:
RAX=0x000000000000009d, RBX=0x00000142b8d95e87, RCX=0x00000000009e0001, RDX=0x0000014296afc330
RSP=0x00000034fd7ff4e0, RBP=0x00000142b8f53fb0, RSI=0x0000000000000000, RDI=0xffffffffffffffff
R8 =0x0000000000000016, R9 =0x000000000000001d, R10=0x0000000000000000, R11=0x00000034fd7ff500
R12=0x00000034fd7ff638, R13=0x0000000000000000, R14=0x0000000800113b68, R15=0x00000034fd7ff688
RIP=0x00007ffc3df2fa7a, EFLAGS=0x0000000000010202

Top of Stack: (sp=0x00000034fd7ff4e0)
0x00000034fd7ff4e0:   0000000000000014 0000000800113b68
0x00000034fd7ff4f0:   00000142b95372f0 0000000000000000
0x00000034fd7ff500:   ffffffffffffffff 00007ffc3dc9963c
0x00000034fd7ff510:   00000142b8d95e87 00000142b8d95e70
0x00000034fd7ff520:   00000142b8f53fb0 00000142b9a18830
0x00000034fd7ff530:   00000142b8d95e40 00000000000003d8
0x00000034fd7ff540:   00000142b8d95e50 00000142b8d96228
0x00000034fd7ff550:   0000000000000002 00000034fd7ff638
0x00000034fd7ff560:   0000000000000000 0000000000000000
0x00000034fd7ff570:   00000007132d2fd0 00007ffc3dc60ca4
0x00000034fd7ff580:   00000142b95372f0 00000034fd7ff688
0x00000034fd7ff590:   0000014298c87480 00000034fd7ff688
0x00000034fd7ff5a0:   00000142b95372f0 0000000000000000
0x00000034fd7ff5b0:   0000014200000000 0000000000000000
0x00000034fd7ff5c0:   000000000000000d 00007ffd0dc62f7b
0x00000034fd7ff5d0:   00000034fd7ff680 00007ffd0dc71600 

Instructions: (pc=0x00007ffc3df2fa7a)
0x00007ffc3df2f97a:   48 83 c4 20 5f e9 6c 69 90 ff cc cc cc cc cc cc
0x00007ffc3df2f98a:   cc cc cc cc cc cc 48 89 5c 24 08 57 48 83 ec 20
0x00007ffc3df2f99a:   83 fa 02 8d 42 06 b9 08 00 00 00 49 8b d8 0f 4e
0x00007ffc3df2f9aa:   c1 48 63 c8 48 83 c1 07 83 e1 f8 48 63 f9 49 8b
0x00007ffc3df2f9ba:   48 18 48 8b c7 48 f7 d0 48 3b c1 73 16 4c 8d 05
0x00007ffc3df2f9ca:   6a 58 17 00 48 8b d7 48 8b cb e8 77 cc 90 ff 48
0x00007ffc3df2f9da:   8b 4b 18 48 8d 04 39 48 3b 43 20 76 18 45 33 c0
0x00007ffc3df2f9ea:   48 8b d7 48 8b cb 48 8b 5c 24 30 48 83 c4 20 5f
0x00007ffc3df2f9fa:   e9 d1 c8 90 ff 48 89 43 18 48 8b c1 48 8b 5c 24
0x00007ffc3df2fa0a:   30 48 83 c4 20 5f c3 cc cc cc cc cc cc cc cc cc
0x00007ffc3df2fa1a:   cc cc cc cc cc cc 4c 8b d2 4c 8b d9 45 85 c0 7e
0x00007ffc3df2fa2a:   3c 44 0f b7 49 04 41 8d 40 ff 41 3b c1 44 0f 4c
0x00007ffc3df2fa3a:   c8 4d 63 c1 45 85 c9 7e 1f 48 8b c2 4c 2b da 49
0x00007ffc3df2fa4a:   8b d0 0f 1f 40 00 41 0f b6 4c 03 06 88 08 48 8d
0x00007ffc3df2fa5a:   40 01 48 83 ea 01 75 ee 43 c6 04 10 00 49 8b c2
0x00007ffc3df2fa6a:   c3 cc cc cc cc cc 48 89 5c 24 08 57 48 83 ec 20
0x00007ffc3df2fa7a:   0f b7 59 04 48 8b f9 33 d2 48 8d 4b 01 e8 c4 d9
0x00007ffc3df2fa8a:   f2 ff 0f b7 57 04 4c 8b c0 3b da 0f 42 d3 44 8b
0x00007ffc3df2fa9a:   ca 85 d2 74 39 48 2b f8 0f 1f 40 00 66 66 0f 1f
0x00007ffc3df2faaa:   84 00 00 00 00 00 0f b6 4c 07 06 88 08 48 ff c0
0x00007ffc3df2faba:   48 8b c8 49 2b c8 49 3b c9 7c eb 42 c6 04 02 00
0x00007ffc3df2faca:   49 8b c0 48 8b 5c 24 30 48 83 c4 20 5f c3 48 8b
0x00007ffc3df2fada:   5c 24 30 c6 04 02 00 48 83 c4 20 5f c3 cc cc cc
0x00007ffc3df2faea:   cc cc cc cc cc cc 4c 8b d1 45 85 c0 7e 6c 44 0f
0x00007ffc3df2fafa:   b7 49 04 41 8d 40 ff 41 3b c1 44 0f 4c c8 4d 63
0x00007ffc3df2fb0a:   d9 45 85 c9 7e 22 48 8b ca 4c 2b d2 4d 8b c3 0f
0x00007ffc3df2fb1a:   1f 80 00 00 00 00 41 0f b6 44 0a 06 88 01 48 8d
0x00007ffc3df2fb2a:   49 01 49 83 e8 01 75 ee 41 c6 04 13 00 48 c7 c0
0x00007ffc3df2fb3a:   ff ff ff ff 66 90 48 ff c0 80 3c 02 00 75 f7 48
0x00007ffc3df2fb4a:   63 c8 85 c0 48 8b c2 7e 14 80 38 2f 75 03 c6 00
0x00007ffc3df2fb5a:   2e 48 ff c0 48 83 e9 01 75 ef 48 8b c2 c3 cc cc
0x00007ffc3df2fb6a:   cc cc cc cc cc cc 48 83 ec 28 e8 f7 fe ff ff 4c 


Stack slot to memory mapping:
stack at sp + 0 slots: 0x0000000000000014 is an unknown value
stack at sp + 1 slots: 0x0000000800113b68 is a pointer to class: 
spacecolonies.Planet {0x0000000800113b70}
 - instance size:     4
 - klass size:        80
 - access:            public synchronized 
 - state:             fully_initialized
 - name:              'spacecolonies/Planet'
 - super:             'java/lang/Object'
 - sub:               
 - arrays:            NULL
 - methods:           Array<T>(0x00000142ba3379d0)
 - method ordering:   Array<T>(0x00000142ba338520)
 - default_methods:   Array<T>(0x0000000000000000)
 - local interfaces:  Array<T>(0x00000142ba09c680)
 - trans. interfaces: Array<T>(0x00000142ba09c680)
 - constants:         constant pool [169] {0x00000142ba33b4c0} for 'spacecolonies/Planet' cache=0x00000142ba339948
 - class loader data:  loader data: 0x00000142b8db2a00 for instance a 'jdk/internal/loader/ClassLoaders$AppClassLoader'{0x0000000713e615a0}
 - source file:       'Planet.java'
 - source debug extension:       SMAP
Planet.java
Java
*S jdt
*F
1 Planet.java
2 file:/C:/Users/xabar/Desktop/College/CS2114/SpaceColonies/bin/
*L
*E

 - class annotations:       Array<T>(0x0000000000000000)
 - class type annotations:  Array<T>(0x0000000000000000)
 - field annotations:       Array<T>(0x0000000000000000)
 - field type annotations:  Array<T>(0x0000000000000000)
 - generic signature: '
[error occurred during error reporting (inspecting top of stack), id 0xc0000005, EXCEPTION_ACCESS_VIOLATION (0xc0000005) at pc=0x00007ffc3df30686]


---------------  P R O C E S S  ---------------

Threads class SMR info:
_java_thread_list=0x00000142ba814440, length=16, elements={
0x0000014298c97660, 0x00000142b8c35a80, 0x00000142b8c36630, 0x00000142b8c4e780,
0x00000142b8c4f040, 0x00000142b8c4f9f0, 0x00000142b8c503a0, 0x00000142b8c990b0,
0x00000142b8ca6070, 0x00000142b8ca8a70, 0x00000142b8e37b50, 0x00000142b95372f0,
0x00000142b95387f0, 0x00000142b8fbe650, 0x00000142b97b2280, 0x00000142b9913090
}

Java Threads: ( => current thread )
  0x0000014298c97660 JavaThread "main" [_thread_blocked, id=27464, stack(0x00000034fc200000,0x00000034fc300000)]
  0x00000142b8c35a80 JavaThread "Reference Handler" daemon [_thread_blocked, id=29016, stack(0x00000034fc900000,0x00000034fca00000)]
  0x00000142b8c36630 JavaThread "Finalizer" daemon [_thread_blocked, id=22960, stack(0x00000034fca00000,0x00000034fcb00000)]
  0x00000142b8c4e780 JavaThread "Signal Dispatcher" daemon [_thread_blocked, id=13568, stack(0x00000034fcb00000,0x00000034fcc00000)]
  0x00000142b8c4f040 JavaThread "Attach Listener" daemon [_thread_blocked, id=28356, stack(0x00000034fcc00000,0x00000034fcd00000)]
  0x00000142b8c4f9f0 JavaThread "Service Thread" daemon [_thread_blocked, id=27016, stack(0x00000034fcd00000,0x00000034fce00000)]
  0x00000142b8c503a0 JavaThread "Monitor Deflation Thread" daemon [_thread_blocked, id=3656, stack(0x00000034fce00000,0x00000034fcf00000)]
  0x00000142b8c990b0 JavaThread "C2 CompilerThread0" daemon [_thread_blocked, id=13680, stack(0x00000034fcf00000,0x00000034fd000000)]
  0x00000142b8ca6070 JavaThread "C1 CompilerThread0" daemon [_thread_blocked, id=22756, stack(0x00000034fd000000,0x00000034fd100000)]
  0x00000142b8ca8a70 JavaThread "Sweeper thread" daemon [_thread_blocked, id=13332, stack(0x00000034fd100000,0x00000034fd200000)]
  0x00000142b8e37b50 JavaThread "Common-Cleaner" daemon [_thread_blocked, id=4152, stack(0x00000034fd200000,0x00000034fd300000)]
=>0x00000142b95372f0 JavaThread "JDWP Transport Listener: dt_socket" daemon [_thread_in_vm, id=21728, stack(0x00000034fd700000,0x00000034fd800000)]
  0x00000142b95387f0 JavaThread "JDWP Event Helper Thread" daemon [_thread_blocked, id=22664, stack(0x00000034fd800000,0x00000034fd900000)]
  0x00000142b8fbe650 JavaThread "JDWP Command Reader" daemon [_thread_in_native, id=26144, stack(0x00000034fd900000,0x00000034fda00000)]
  0x00000142b97b2280 JavaThread "Notification Thread" daemon [_thread_blocked, id=29908, stack(0x00000034fda00000,0x00000034fdb00000)]
  0x00000142b9913090 JavaThread "ReaderThread" [_thread_in_native, id=9920, stack(0x00000034fdc00000,0x00000034fdd00000)]

Other Threads:
  0x00000142b8148c60 VMThread "VM Thread" [stack: 0x00000034fc800000,0x00000034fc900000] [id=15284]
  0x00000142b8e61b70 WatcherThread [stack: 0x00000034fdb00000,0x00000034fdc00000] [id=28744]
  0x0000014298d00760 GCTaskThread "GC Thread#0" [stack: 0x00000034fc300000,0x00000034fc400000] [id=30028]
  0x0000014298d11260 ConcurrentGCThread "G1 Main Marker" [stack: 0x00000034fc400000,0x00000034fc500000] [id=25844]
  0x0000014298d12570 ConcurrentGCThread "G1 Conc#0" [stack: 0x00000034fc500000,0x00000034fc600000] [id=22368]
  0x0000014298d6dc10 ConcurrentGCThread "G1 Refine#0" [stack: 0x00000034fc600000,0x00000034fc700000] [id=18552]
  0x0000014298d6e4d0 ConcurrentGCThread "G1 Service" [stack: 0x00000034fc700000,0x00000034fc800000] [id=7232]

Threads with active compile tasks:

VM state: not at safepoint (normal execution)

VM Mutex/Monitor currently owned by a thread: None

Heap address: 0x0000000704400000, size: 4028 MB, Compressed Oops mode: Zero based, Oop shift amount: 3

CDS archive(s) not mapped
Compressed class space mapped at: 0x0000000800000000-0x0000000840000000, reserved size: 1073741824
Narrow klass base: 0x0000000800000000, Narrow klass shift: 0, Narrow klass range: 0x40000000

GC Precious Log:
 CPUs: 16 total, 16 available
 Memory: 16107M
 Large Page Support: Disabled
 NUMA Support: Disabled
 Compressed Oops: Enabled (Zero based)
 Heap Region Size: 2M
 Heap Min Capacity: 8M
 Heap Initial Capacity: 252M
 Heap Max Capacity: 4028M
 Pre-touch: Disabled
 Parallel Workers: 13
 Concurrent Workers: 3
 Concurrent Refinement Workers: 13
 Periodic GC: Disabled

Heap:
 garbage-first heap   total 258048K, used 18432K [0x0000000704400000, 0x0000000800000000)
  region size 2048K, 10 young (20480K), 0 survivors (0K)
 Metaspace       used 12722K, committed 12864K, reserved 1064960K
  class space    used 1176K, committed 1280K, reserved 1048576K

Heap Regions: E=young(eden), S=young(survivor), O=old, HS=humongous(starts), HC=humongous(continues), CS=collection set, F=free, OA=open archive, CA=closed archive, TAMS=top-at-mark-start (previous, next)
|   0|0x0000000704400000, 0x0000000704400000, 0x0000000704600000|  0%| F|  |TAMS 0x0000000704400000, 0x0000000704400000| Untracked 
|   1|0x0000000704600000, 0x0000000704600000, 0x0000000704800000|  0%| F|  |TAMS 0x0000000704600000, 0x0000000704600000| Untracked 
|   2|0x0000000704800000, 0x0000000704800000, 0x0000000704a00000|  0%| F|  |TAMS 0x0000000704800000, 0x0000000704800000| Untracked 
|   3|0x0000000704a00000, 0x0000000704a00000, 0x0000000704c00000|  0%| F|  |TAMS 0x0000000704a00000, 0x0000000704a00000| Untracked 
|   4|0x0000000704c00000, 0x0000000704c00000, 0x0000000704e00000|  0%| F|  |TAMS 0x0000000704c00000, 0x0000000704c00000| Untracked 
|   5|0x0000000704e00000, 0x0000000704e00000, 0x0000000705000000|  0%| F|  |TAMS 0x0000000704e00000, 0x0000000704e00000| Untracked 
|   6|0x0000000705000000, 0x0000000705000000, 0x0000000705200000|  0%| F|  |TAMS 0x0000000705000000, 0x0000000705000000| Untracked 
|   7|0x0000000705200000, 0x0000000705200000, 0x0000000705400000|  0%| F|  |TAMS 0x0000000705200000, 0x0000000705200000| Untracked 
|   8|0x0000000705400000, 0x0000000705400000, 0x0000000705600000|  0%| F|  |TAMS 0x0000000705400000, 0x0000000705400000| Untracked 
|   9|0x0000000705600000, 0x0000000705600000, 0x0000000705800000|  0%| F|  |TAMS 0x0000000705600000, 0x0000000705600000| Untracked 
|  10|0x0000000705800000, 0x0000000705800000, 0x0000000705a00000|  0%| F|  |TAMS 0x0000000705800000, 0x0000000705800000| Untracked 
|  11|0x0000000705a00000, 0x0000000705a00000, 0x0000000705c00000|  0%| F|  |TAMS 0x0000000705a00000, 0x0000000705a00000| Untracked 
|  12|0x0000000705c00000, 0x0000000705c00000, 0x0000000705e00000|  0%| F|  |TAMS 0x0000000705c00000, 0x0000000705c00000| Untracked 
|  13|0x0000000705e00000, 0x0000000705e00000, 0x0000000706000000|  0%| F|  |TAMS 0x0000000705e00000, 0x0000000705e00000| Untracked 
|  14|0x0000000706000000, 0x0000000706000000, 0x0000000706200000|  0%| F|  |TAMS 0x0000000706000000, 0x0000000706000000| Untracked 
|  15|0x0000000706200000, 0x0000000706200000, 0x0000000706400000|  0%| F|  |TAMS 0x0000000706200000, 0x0000000706200000| Untracked 
|  16|0x0000000706400000, 0x0000000706400000, 0x0000000706600000|  0%| F|  |TAMS 0x0000000706400000, 0x0000000706400000| Untracked 
|  17|0x0000000706600000, 0x0000000706600000, 0x0000000706800000|  0%| F|  |TAMS 0x0000000706600000, 0x0000000706600000| Untracked 
|  18|0x0000000706800000, 0x0000000706800000, 0x0000000706a00000|  0%| F|  |TAMS 0x0000000706800000, 0x0000000706800000| Untracked 
|  19|0x0000000706a00000, 0x0000000706a00000, 0x0000000706c00000|  0%| F|  |TAMS 0x0000000706a00000, 0x0000000706a00000| Untracked 
|  20|0x0000000706c00000, 0x0000000706c00000, 0x0000000706e00000|  0%| F|  |TAMS 0x0000000706c00000, 0x0000000706c00000| Untracked 
|  21|0x0000000706e00000, 0x0000000706e00000, 0x0000000707000000|  0%| F|  |TAMS 0x0000000706e00000, 0x0000000706e00000| Untracked 
|  22|0x0000000707000000, 0x0000000707000000, 0x0000000707200000|  0%| F|  |TAMS 0x0000000707000000, 0x0000000707000000| Untracked 
|  23|0x0000000707200000, 0x0000000707200000, 0x0000000707400000|  0%| F|  |TAMS 0x0000000707200000, 0x0000000707200000| Untracked 
|  24|0x0000000707400000, 0x0000000707400000, 0x0000000707600000|  0%| F|  |TAMS 0x0000000707400000, 0x0000000707400000| Untracked 
|  25|0x0000000707600000, 0x0000000707600000, 0x0000000707800000|  0%| F|  |TAMS 0x0000000707600000, 0x0000000707600000| Untracked 
|  26|0x0000000707800000, 0x0000000707800000, 0x0000000707a00000|  0%| F|  |TAMS 0x0000000707800000, 0x0000000707800000| Untracked 
|  27|0x0000000707a00000, 0x0000000707a00000, 0x0000000707c00000|  0%| F|  |TAMS 0x0000000707a00000, 0x0000000707a00000| Untracked 
|  28|0x0000000707c00000, 0x0000000707c00000, 0x0000000707e00000|  0%| F|  |TAMS 0x0000000707c00000, 0x0000000707c00000| Untracked 
|  29|0x0000000707e00000, 0x0000000707e00000, 0x0000000708000000|  0%| F|  |TAMS 0x0000000707e00000, 0x0000000707e00000| Untracked 
|  30|0x0000000708000000, 0x0000000708000000, 0x0000000708200000|  0%| F|  |TAMS 0x0000000708000000, 0x0000000708000000| Untracked 
|  31|0x0000000708200000, 0x0000000708200000, 0x0000000708400000|  0%| F|  |TAMS 0x0000000708200000, 0x0000000708200000| Untracked 
|  32|0x0000000708400000, 0x0000000708400000, 0x0000000708600000|  0%| F|  |TAMS 0x0000000708400000, 0x0000000708400000| Untracked 
|  33|0x0000000708600000, 0x0000000708600000, 0x0000000708800000|  0%| F|  |TAMS 0x0000000708600000, 0x0000000708600000| Untracked 
|  34|0x0000000708800000, 0x0000000708800000, 0x0000000708a00000|  0%| F|  |TAMS 0x0000000708800000, 0x0000000708800000| Untracked 
|  35|0x0000000708a00000, 0x0000000708a00000, 0x0000000708c00000|  0%| F|  |TAMS 0x0000000708a00000, 0x0000000708a00000| Untracked 
|  36|0x0000000708c00000, 0x0000000708c00000, 0x0000000708e00000|  0%| F|  |TAMS 0x0000000708c00000, 0x0000000708c00000| Untracked 
|  37|0x0000000708e00000, 0x0000000708e00000, 0x0000000709000000|  0%| F|  |TAMS 0x0000000708e00000, 0x0000000708e00000| Untracked 
|  38|0x0000000709000000, 0x0000000709000000, 0x0000000709200000|  0%| F|  |TAMS 0x0000000709000000, 0x0000000709000000| Untracked 
|  39|0x0000000709200000, 0x0000000709200000, 0x0000000709400000|  0%| F|  |TAMS 0x0000000709200000, 0x0000000709200000| Untracked 
|  40|0x0000000709400000, 0x0000000709400000, 0x0000000709600000|  0%| F|  |TAMS 0x0000000709400000, 0x0000000709400000| Untracked 
|  41|0x0000000709600000, 0x0000000709600000, 0x0000000709800000|  0%| F|  |TAMS 0x0000000709600000, 0x0000000709600000| Untracked 
|  42|0x0000000709800000, 0x0000000709800000, 0x0000000709a00000|  0%| F|  |TAMS 0x0000000709800000, 0x0000000709800000| Untracked 
|  43|0x0000000709a00000, 0x0000000709a00000, 0x0000000709c00000|  0%| F|  |TAMS 0x0000000709a00000, 0x0000000709a00000| Untracked 
|  44|0x0000000709c00000, 0x0000000709c00000, 0x0000000709e00000|  0%| F|  |TAMS 0x0000000709c00000, 0x0000000709c00000| Untracked 
|  45|0x0000000709e00000, 0x0000000709e00000, 0x000000070a000000|  0%| F|  |TAMS 0x0000000709e00000, 0x0000000709e00000| Untracked 
|  46|0x000000070a000000, 0x000000070a000000, 0x000000070a200000|  0%| F|  |TAMS 0x000000070a000000, 0x000000070a000000| Untracked 
|  47|0x000000070a200000, 0x000000070a200000, 0x000000070a400000|  0%| F|  |TAMS 0x000000070a200000, 0x000000070a200000| Untracked 
|  48|0x000000070a400000, 0x000000070a400000, 0x000000070a600000|  0%| F|  |TAMS 0x000000070a400000, 0x000000070a400000| Untracked 
|  49|0x000000070a600000, 0x000000070a600000, 0x000000070a800000|  0%| F|  |TAMS 0x000000070a600000, 0x000000070a600000| Untracked 
|  50|0x000000070a800000, 0x000000070a800000, 0x000000070aa00000|  0%| F|  |TAMS 0x000000070a800000, 0x000000070a800000| Untracked 
|  51|0x000000070aa00000, 0x000000070aa00000, 0x000000070ac00000|  0%| F|  |TAMS 0x000000070aa00000, 0x000000070aa00000| Untracked 
|  52|0x000000070ac00000, 0x000000070ac00000, 0x000000070ae00000|  0%| F|  |TAMS 0x000000070ac00000, 0x000000070ac00000| Untracked 
|  53|0x000000070ae00000, 0x000000070ae00000, 0x000000070b000000|  0%| F|  |TAMS 0x000000070ae00000, 0x000000070ae00000| Untracked 
|  54|0x000000070b000000, 0x000000070b000000, 0x000000070b200000|  0%| F|  |TAMS 0x000000070b000000, 0x000000070b000000| Untracked 
|  55|0x000000070b200000, 0x000000070b200000, 0x000000070b400000|  0%| F|  |TAMS 0x000000070b200000, 0x000000070b200000| Untracked 
|  56|0x000000070b400000, 0x000000070b400000, 0x000000070b600000|  0%| F|  |TAMS 0x000000070b400000, 0x000000070b400000| Untracked 
|  57|0x000000070b600000, 0x000000070b600000, 0x000000070b800000|  0%| F|  |TAMS 0x000000070b600000, 0x000000070b600000| Untracked 
|  58|0x000000070b800000, 0x000000070b800000, 0x000000070ba00000|  0%| F|  |TAMS 0x000000070b800000, 0x000000070b800000| Untracked 
|  59|0x000000070ba00000, 0x000000070ba00000, 0x000000070bc00000|  0%| F|  |TAMS 0x000000070ba00000, 0x000000070ba00000| Untracked 
|  60|0x000000070bc00000, 0x000000070bc00000, 0x000000070be00000|  0%| F|  |TAMS 0x000000070bc00000, 0x000000070bc00000| Untracked 
|  61|0x000000070be00000, 0x000000070be00000, 0x000000070c000000|  0%| F|  |TAMS 0x000000070be00000, 0x000000070be00000| Untracked 
|  62|0x000000070c000000, 0x000000070c000000, 0x000000070c200000|  0%| F|  |TAMS 0x000000070c000000, 0x000000070c000000| Untracked 
|  63|0x000000070c200000, 0x000000070c200000, 0x000000070c400000|  0%| F|  |TAMS 0x000000070c200000, 0x000000070c200000| Untracked 
|  64|0x000000070c400000, 0x000000070c400000, 0x000000070c600000|  0%| F|  |TAMS 0x000000070c400000, 0x000000070c400000| Untracked 
|  65|0x000000070c600000, 0x000000070c600000, 0x000000070c800000|  0%| F|  |TAMS 0x000000070c600000, 0x000000070c600000| Untracked 
|  66|0x000000070c800000, 0x000000070c800000, 0x000000070ca00000|  0%| F|  |TAMS 0x000000070c800000, 0x000000070c800000| Untracked 
|  67|0x000000070ca00000, 0x000000070ca00000, 0x000000070cc00000|  0%| F|  |TAMS 0x000000070ca00000, 0x000000070ca00000| Untracked 
|  68|0x000000070cc00000, 0x000000070cc00000, 0x000000070ce00000|  0%| F|  |TAMS 0x000000070cc00000, 0x000000070cc00000| Untracked 
|  69|0x000000070ce00000, 0x000000070ce00000, 0x000000070d000000|  0%| F|  |TAMS 0x000000070ce00000, 0x000000070ce00000| Untracked 
|  70|0x000000070d000000, 0x000000070d000000, 0x000000070d200000|  0%| F|  |TAMS 0x000000070d000000, 0x000000070d000000| Untracked 
|  71|0x000000070d200000, 0x000000070d200000, 0x000000070d400000|  0%| F|  |TAMS 0x000000070d200000, 0x000000070d200000| Untracked 
|  72|0x000000070d400000, 0x000000070d400000, 0x000000070d600000|  0%| F|  |TAMS 0x000000070d400000, 0x000000070d400000| Untracked 
|  73|0x000000070d600000, 0x000000070d600000, 0x000000070d800000|  0%| F|  |TAMS 0x000000070d600000, 0x000000070d600000| Untracked 
|  74|0x000000070d800000, 0x000000070d800000, 0x000000070da00000|  0%| F|  |TAMS 0x000000070d800000, 0x000000070d800000| Untracked 
|  75|0x000000070da00000, 0x000000070da00000, 0x000000070dc00000|  0%| F|  |TAMS 0x000000070da00000, 0x000000070da00000| Untracked 
|  76|0x000000070dc00000, 0x000000070dc00000, 0x000000070de00000|  0%| F|  |TAMS 0x000000070dc00000, 0x000000070dc00000| Untracked 
|  77|0x000000070de00000, 0x000000070de00000, 0x000000070e000000|  0%| F|  |TAMS 0x000000070de00000, 0x000000070de00000| Untracked 
|  78|0x000000070e000000, 0x000000070e000000, 0x000000070e200000|  0%| F|  |TAMS 0x000000070e000000, 0x000000070e000000| Untracked 
|  79|0x000000070e200000, 0x000000070e200000, 0x000000070e400000|  0%| F|  |TAMS 0x000000070e200000, 0x000000070e200000| Untracked 
|  80|0x000000070e400000, 0x000000070e400000, 0x000000070e600000|  0%| F|  |TAMS 0x000000070e400000, 0x000000070e400000| Untracked 
|  81|0x000000070e600000, 0x000000070e600000, 0x000000070e800000|  0%| F|  |TAMS 0x000000070e600000, 0x000000070e600000| Untracked 
|  82|0x000000070e800000, 0x000000070e800000, 0x000000070ea00000|  0%| F|  |TAMS 0x000000070e800000, 0x000000070e800000| Untracked 
|  83|0x000000070ea00000, 0x000000070ea00000, 0x000000070ec00000|  0%| F|  |TAMS 0x000000070ea00000, 0x000000070ea00000| Untracked 
|  84|0x000000070ec00000, 0x000000070ec00000, 0x000000070ee00000|  0%| F|  |TAMS 0x000000070ec00000, 0x000000070ec00000| Untracked 
|  85|0x000000070ee00000, 0x000000070ee00000, 0x000000070f000000|  0%| F|  |TAMS 0x000000070ee00000, 0x000000070ee00000| Untracked 
|  86|0x000000070f000000, 0x000000070f000000, 0x000000070f200000|  0%| F|  |TAMS 0x000000070f000000, 0x000000070f000000| Untracked 
|  87|0x000000070f200000, 0x000000070f200000, 0x000000070f400000|  0%| F|  |TAMS 0x000000070f200000, 0x000000070f200000| Untracked 
|  88|0x000000070f400000, 0x000000070f400000, 0x000000070f600000|  0%| F|  |TAMS 0x000000070f400000, 0x000000070f400000| Untracked 
|  89|0x000000070f600000, 0x000000070f600000, 0x000000070f800000|  0%| F|  |TAMS 0x000000070f600000, 0x000000070f600000| Untracked 
|  90|0x000000070f800000, 0x000000070f800000, 0x000000070fa00000|  0%| F|  |TAMS 0x000000070f800000, 0x000000070f800000| Untracked 
|  91|0x000000070fa00000, 0x000000070fa00000, 0x000000070fc00000|  0%| F|  |TAMS 0x000000070fa00000, 0x000000070fa00000| Untracked 
|  92|0x000000070fc00000, 0x000000070fc00000, 0x000000070fe00000|  0%| F|  |TAMS 0x000000070fc00000, 0x000000070fc00000| Untracked 
|  93|0x000000070fe00000, 0x000000070fe00000, 0x0000000710000000|  0%| F|  |TAMS 0x000000070fe00000, 0x000000070fe00000| Untracked 
|  94|0x0000000710000000, 0x0000000710000000, 0x0000000710200000|  0%| F|  |TAMS 0x0000000710000000, 0x0000000710000000| Untracked 
|  95|0x0000000710200000, 0x0000000710200000, 0x0000000710400000|  0%| F|  |TAMS 0x0000000710200000, 0x0000000710200000| Untracked 
|  96|0x0000000710400000, 0x0000000710400000, 0x0000000710600000|  0%| F|  |TAMS 0x0000000710400000, 0x0000000710400000| Untracked 
|  97|0x0000000710600000, 0x0000000710600000, 0x0000000710800000|  0%| F|  |TAMS 0x0000000710600000, 0x0000000710600000| Untracked 
|  98|0x0000000710800000, 0x0000000710800000, 0x0000000710a00000|  0%| F|  |TAMS 0x0000000710800000, 0x0000000710800000| Untracked 
|  99|0x0000000710a00000, 0x0000000710a00000, 0x0000000710c00000|  0%| F|  |TAMS 0x0000000710a00000, 0x0000000710a00000| Untracked 
| 100|0x0000000710c00000, 0x0000000710c00000, 0x0000000710e00000|  0%| F|  |TAMS 0x0000000710c00000, 0x0000000710c00000| Untracked 
| 101|0x0000000710e00000, 0x0000000710e00000, 0x0000000711000000|  0%| F|  |TAMS 0x0000000710e00000, 0x0000000710e00000| Untracked 
| 102|0x0000000711000000, 0x0000000711000000, 0x0000000711200000|  0%| F|  |TAMS 0x0000000711000000, 0x0000000711000000| Untracked 
| 103|0x0000000711200000, 0x0000000711200000, 0x0000000711400000|  0%| F|  |TAMS 0x0000000711200000, 0x0000000711200000| Untracked 
| 104|0x0000000711400000, 0x0000000711400000, 0x0000000711600000|  0%| F|  |TAMS 0x0000000711400000, 0x0000000711400000| Untracked 
| 105|0x0000000711600000, 0x0000000711600000, 0x0000000711800000|  0%| F|  |TAMS 0x0000000711600000, 0x0000000711600000| Untracked 
| 106|0x0000000711800000, 0x0000000711800000, 0x0000000711a00000|  0%| F|  |TAMS 0x0000000711800000, 0x0000000711800000| Untracked 
| 107|0x0000000711a00000, 0x0000000711a00000, 0x0000000711c00000|  0%| F|  |TAMS 0x0000000711a00000, 0x0000000711a00000| Untracked 
| 108|0x0000000711c00000, 0x0000000711c00000, 0x0000000711e00000|  0%| F|  |TAMS 0x0000000711c00000, 0x0000000711c00000| Untracked 
| 109|0x0000000711e00000, 0x0000000711e00000, 0x0000000712000000|  0%| F|  |TAMS 0x0000000711e00000, 0x0000000711e00000| Untracked 
| 110|0x0000000712000000, 0x0000000712000000, 0x0000000712200000|  0%| F|  |TAMS 0x0000000712000000, 0x0000000712000000| Untracked 
| 111|0x0000000712200000, 0x0000000712200000, 0x0000000712400000|  0%| F|  |TAMS 0x0000000712200000, 0x0000000712200000| Untracked 
| 112|0x0000000712400000, 0x0000000712400000, 0x0000000712600000|  0%| F|  |TAMS 0x0000000712400000, 0x0000000712400000| Untracked 
| 113|0x0000000712600000, 0x0000000712600000, 0x0000000712800000|  0%| F|  |TAMS 0x0000000712600000, 0x0000000712600000| Untracked 
| 114|0x0000000712800000, 0x0000000712800000, 0x0000000712a00000|  0%| F|  |TAMS 0x0000000712800000, 0x0000000712800000| Untracked 
| 115|0x0000000712a00000, 0x0000000712a00000, 0x0000000712c00000|  0%| F|  |TAMS 0x0000000712a00000, 0x0000000712a00000| Untracked 
| 116|0x0000000712c00000, 0x0000000712d52758, 0x0000000712e00000| 66%| E|  |TAMS 0x0000000712c00000, 0x0000000712c00000| Complete 
| 117|0x0000000712e00000, 0x0000000713000000, 0x0000000713000000|100%| E|CS|TAMS 0x0000000712e00000, 0x0000000712e00000| Complete 
| 118|0x0000000713000000, 0x0000000713200000, 0x0000000713200000|100%| E|CS|TAMS 0x0000000713000000, 0x0000000713000000| Complete 
| 119|0x0000000713200000, 0x0000000713400000, 0x0000000713400000|100%| E|CS|TAMS 0x0000000713200000, 0x0000000713200000| Complete 
| 120|0x0000000713400000, 0x0000000713600000, 0x0000000713600000|100%| E|CS|TAMS 0x0000000713400000, 0x0000000713400000| Complete 
| 121|0x0000000713600000, 0x0000000713800000, 0x0000000713800000|100%| E|CS|TAMS 0x0000000713600000, 0x0000000713600000| Complete 
| 122|0x0000000713800000, 0x0000000713a00000, 0x0000000713a00000|100%| E|CS|TAMS 0x0000000713800000, 0x0000000713800000| Complete 
| 123|0x0000000713a00000, 0x0000000713c00000, 0x0000000713c00000|100%| E|CS|TAMS 0x0000000713a00000, 0x0000000713a00000| Complete 
| 124|0x0000000713c00000, 0x0000000713e00000, 0x0000000713e00000|100%| E|CS|TAMS 0x0000000713c00000, 0x0000000713c00000| Complete 
| 125|0x0000000713e00000, 0x0000000714000000, 0x0000000714000000|100%| E|CS|TAMS 0x0000000713e00000, 0x0000000713e00000| Complete 

Card table byte_map: [0x00000142ac3d0000,0x00000142acbb0000] _byte_map_base: 0x00000142a8bae000

Marking Bits (Prev, Next): (CMBitMap*) 0x0000014298d00d70, (CMBitMap*) 0x0000014298d00db0
 Prev Bits: [0x00000142ad390000, 0x00000142b1280000)
 Next Bits: [0x00000142b1280000, 0x00000142b5170000)

Polling page: 0x0000014296c20000

Metaspace:

Usage:
  Non-class:     11.28 MB used.
      Class:      1.15 MB used.
       Both:     12.42 MB used.

Virtual space:
  Non-class space:       16.00 MB reserved,      11.31 MB ( 71%) committed,  2 nodes.
      Class space:        1.00 GB reserved,       1.25 MB ( <1%) committed,  1 nodes.
             Both:        1.02 GB reserved,      12.56 MB (  1%) committed. 

Chunk freelists:
   Non-Class:  256.00 KB
       Class:  2.61 MB
        Both:  2.86 MB

MaxMetaspaceSize: unlimited
CompressedClassSpaceSize: 1.00 GB
Initial GC threshold: 21.00 MB
Current GC threshold: 21.00 MB
CDS: off
MetaspaceReclaimPolicy: balanced
 - commit_granule_bytes: 65536.
 - commit_granule_words: 8192.
 - virtual_space_node_default_size: 1048576.
 - enlarge_chunks_in_place: 1.
 - new_chunks_are_fully_committed: 0.
 - uncommit_free_chunks: 1.
 - use_allocation_guard: 0.
 - handle_deallocations: 1.


Internal statistics:

num_allocs_failed_limit: 0.
num_arena_births: 30.
num_arena_deaths: 0.
num_vsnodes_births: 3.
num_vsnodes_deaths: 0.
num_space_committed: 201.
num_space_uncommitted: 0.
num_chunks_returned_to_freelist: 0.
num_chunks_taken_from_freelist: 118.
num_chunk_merges: 0.
num_chunk_splits: 59.
num_chunks_enlarged: 43.
num_purges: 0.
num_inconsistent_stats: 0.

CodeHeap 'non-profiled nmethods': size=119168Kb used=330Kb max_used=330Kb free=118837Kb
 bounds [0x00000142a3f00000, 0x00000142a4170000, 0x00000142ab360000]
CodeHeap 'profiled nmethods': size=119104Kb used=2110Kb max_used=2110Kb free=116993Kb
 bounds [0x000001429cab0000, 0x000001429cd20000, 0x00000142a3f00000]
CodeHeap 'non-nmethods': size=7488Kb used=1225Kb max_used=2940Kb free=6262Kb
 bounds [0x000001429c360000, 0x000001429c640000, 0x000001429cab0000]
 total_blobs=1503 nmethods=1071 adapters=345
 compilation: enabled
              stopped_count=0, restarted_count=0
 full_count=0

Compilation events (20 events):
Event: 0.477 Thread 0x00000142b8e38020 1064       3       sun.nio.fs.WindowsPath::equals (28 bytes)
Event: 0.477 Thread 0x00000142b8e05f90 1065       3       sun.nio.fs.WindowsPath::compareTo (118 bytes)
Event: 0.477 Thread 0x00000142b8ca6070 1066       3       java.io.FilePermission::<init> (14 bytes)
Event: 0.477 Thread 0x00000142b8e38020 nmethod 1064 0x000001429ccaed90 code [0x000001429ccaef60, 0x000001429ccaf388]
Event: 0.477 Thread 0x00000142b8e38020 1067       3       java.io.FilePermission::getMask (953 bytes)
Event: 0.477 Thread 0x00000142b8ca6070 nmethod 1066 0x000001429ccaf490 code [0x000001429ccaf660, 0x000001429ccaf8f8]
Event: 0.477 Thread 0x00000142b8ca6070 1068   !   3       java.io.FilePermission::init (558 bytes)
Event: 0.478 Thread 0x00000142b8e05f90 nmethod 1065 0x000001429ccb5790 code [0x000001429ccb5ae0, 0x000001429ccb6fe8]
Event: 0.478 Thread 0x00000142b8db44b0 nmethod 1058 0x000001429ccafa10 code [0x000001429ccb0160, 0x000001429ccb4048]
Event: 0.478 Thread 0x00000142b8e05f90 1069       3       sun.nio.fs.WindowsPath::normalize (5 bytes)
Event: 0.478 Thread 0x00000142b8db44b0 1070       3       sun.nio.fs.WindowsPath::getFileName (87 bytes)
Event: 0.478 Thread 0x00000142b8e05f90 nmethod 1069 0x000001429ccb7a90 code [0x000001429ccb7c20, 0x000001429ccb7d68]
Event: 0.478 Thread 0x00000142b8e05f90 1071       3       java.lang.SecurityManager::checkRead (15 bytes)
Event: 0.478 Thread 0x00000142b8ca6070 nmethod 1068 0x000001429ccb7e10 code [0x000001429ccb8200, 0x000001429ccb9b58]
Event: 0.478 Thread 0x00000142b8e05f90 nmethod 1071 0x000001429ccba590 code [0x000001429ccba760, 0x000001429ccbaba8]
Event: 0.478 Thread 0x00000142b8e38020 nmethod 1067 0x000001429ccbad90 code [0x000001429ccbb200, 0x000001429ccbdaf8]
Event: 0.478 Thread 0x00000142b8db44b0 nmethod 1070 0x000001429ccbe410 code [0x000001429ccbe6c0, 0x000001429ccbf568]
Event: 0.481 Thread 0x00000142b8fbb450 nmethod 1049 0x00000142a3f50e10 code [0x00000142a3f51020, 0x00000142a3f520a8]
Event: 97.039 Thread 0x00000142b8ca6070 1072       3       org.eclipse.jdt.launching.internal.org.objectweb.asm.ClassReader::accept (1412 bytes)
Event: 97.047 Thread 0x00000142b8ca6070 


GC Heap History (0 events):
No events

Deoptimization events (20 events):
Event: 0.477 Thread 0x0000014298c97660 DEOPT PACKING pc=0x000001429cc4e984 sp=0x00000034fc2fdc60
Event: 0.477 Thread 0x0000014298c97660 DEOPT UNPACKING pc=0x000001429c3b6763 sp=0x00000034fc2fd0f8 mode 1
Event: 0.477 Thread 0x0000014298c97660 DEOPT PACKING pc=0x000001429cc4d25c sp=0x00000034fc2fdd30
Event: 0.477 Thread 0x0000014298c97660 DEOPT UNPACKING pc=0x000001429c3b6763 sp=0x00000034fc2fd1e8 mode 1
Event: 0.477 Thread 0x0000014298c97660 DEOPT PACKING pc=0x000001429cc4e984 sp=0x00000034fc2fdc70
Event: 0.477 Thread 0x0000014298c97660 DEOPT UNPACKING pc=0x000001429c3b6763 sp=0x00000034fc2fd108 mode 1
Event: 0.477 Thread 0x0000014298c97660 DEOPT PACKING pc=0x000001429cc4d25c sp=0x00000034fc2fdd40
Event: 0.477 Thread 0x0000014298c97660 DEOPT UNPACKING pc=0x000001429c3b6763 sp=0x00000034fc2fd1f8 mode 1
Event: 0.477 Thread 0x0000014298c97660 DEOPT PACKING pc=0x000001429cc4e984 sp=0x00000034fc2fdcc0
Event: 0.477 Thread 0x0000014298c97660 DEOPT UNPACKING pc=0x000001429c3b6763 sp=0x00000034fc2fd158 mode 1
Event: 0.477 Thread 0x0000014298c97660 DEOPT PACKING pc=0x000001429cc4d25c sp=0x00000034fc2fdd90
Event: 0.477 Thread 0x0000014298c97660 DEOPT UNPACKING pc=0x000001429c3b6763 sp=0x00000034fc2fd248 mode 1
Event: 0.477 Thread 0x0000014298c97660 DEOPT PACKING pc=0x000001429cc4e984 sp=0x00000034fc2fdcc0
Event: 0.477 Thread 0x0000014298c97660 DEOPT UNPACKING pc=0x000001429c3b6763 sp=0x00000034fc2fd158 mode 1
Event: 0.477 Thread 0x0000014298c97660 DEOPT PACKING pc=0x000001429cc4d25c sp=0x00000034fc2fdd90
Event: 0.477 Thread 0x0000014298c97660 DEOPT UNPACKING pc=0x000001429c3b6763 sp=0x00000034fc2fd248 mode 1
Event: 0.478 Thread 0x0000014298c97660 DEOPT PACKING pc=0x000001429cc4e984 sp=0x00000034fc2fdcb0
Event: 0.478 Thread 0x0000014298c97660 DEOPT UNPACKING pc=0x000001429c3b6763 sp=0x00000034fc2fd148 mode 1
Event: 0.478 Thread 0x0000014298c97660 DEOPT PACKING pc=0x000001429cc4d25c sp=0x00000034fc2fdd80
Event: 0.478 Thread 0x0000014298c97660 DEOPT UNPACKING pc=0x000001429c3b6763 sp=0x00000034fc2fd238 mode 1

Classes unloaded (0 events):
No events

Classes redefined (3 events):
Event: 97.040 Thread 0x00000142b8148c60 redefined class name=spacecolonies.Planet, count=1
Event: 110.472 Thread 0x00000142b8148c60 redefined class name=spacecolonies.Planet, count=2
Event: 172.031 Thread 0x00000142b8148c60 redefined class name=spacecolonies.Planet, count=3

Internal exceptions (13 events):
Event: 0.349 Thread 0x0000014298c97660 Exception <a 'java/lang/NoSuchMethodError'{0x00000007136949f0}: 'java.lang.Object java.lang.invoke.DirectMethodHandle$Holder.invokeStaticInit(java.lang.Object)'> (0x00000007136949f0) 
thrown [s\src\hotspot\share\interpreter\linkResolver.cpp, line 759]
Event: 0.353 Thread 0x0000014298c97660 Exception <a 'java/lang/NoSuchMethodError'{0x00000007136bc1d0}: 'void java.lang.invoke.DirectMethodHandle$Holder.invokeStatic(java.lang.Object, java.lang.Object)'> (0x00000007136bc1d0) 
thrown [s\src\hotspot\share\interpreter\linkResolver.cpp, line 759]
Event: 0.394 Thread 0x0000014298c97660 Exception <a 'java/lang/NoSuchMethodError'{0x0000000713309c48}: 'java.lang.Object java.lang.invoke.DirectMethodHandle$Holder.invokeInterface(java.lang.Object, java.lang.Object)'> (0x0000000713309c48) 
thrown [s\src\hotspot\share\interpreter\linkResolver.cpp, line 759]
Event: 0.395 Thread 0x0000014298c97660 Exception <a 'java/lang/IncompatibleClassChangeError'{0x000000071330d440}: Found class java.lang.Object, but interface was expected> (0x000000071330d440) 
thrown [s\src\hotspot\share\interpreter\linkResolver.cpp, line 826]
Event: 0.408 Thread 0x0000014298c97660 Exception <a 'java/lang/NoSuchMethodError'{0x00000007130368f0}: 'java.lang.Object java.lang.invoke.DirectMethodHandle$Holder.newInvokeSpecial(java.lang.Object, java.lang.Object, java.lang.Object, java.lang.Object, java.lang.Object)'> (0x00000007130368f0) 
thrown [s\src\hotspot\share\interpreter\linkResolver.cpp, line 759]
Event: 0.433 Thread 0x0000014298c97660 Exception <a 'java/lang/NoSuchMethodError'{0x0000000712e95838}: 'int java.lang.invoke.DirectMethodHandle$Holder.invokeStaticInit(java.lang.Object, java.lang.Object, java.lang.Object, java.lang.Object)'> (0x0000000712e95838) 
thrown [s\src\hotspot\share\interpreter\linkResolver.cpp, line 759]
Event: 0.434 Thread 0x0000014298c97660 Exception <a 'java/lang/IncompatibleClassChangeError'{0x0000000712e9ed00}: Found class java.lang.Object, but interface was expected> (0x0000000712e9ed00) 
thrown [s\src\hotspot\share\interpreter\linkResolver.cpp, line 826]
Event: 0.434 Thread 0x0000014298c97660 Exception <a 'java/lang/NoSuchMethodError'{0x0000000712ea2288}: 'void java.lang.invoke.DirectMethodHandle$Holder.invokeStaticInit(java.lang.Object, java.lang.Object)'> (0x0000000712ea2288) 
thrown [s\src\hotspot\share\interpreter\linkResolver.cpp, line 759]
Event: 0.435 Thread 0x0000014298c97660 Exception <a 'java/lang/NoSuchMethodError'{0x0000000712eaa700}: 'int java.lang.invoke.DirectMethodHandle$Holder.invokeStaticInit(java.lang.Object, java.lang.Object)'> (0x0000000712eaa700) 
thrown [s\src\hotspot\share\interpreter\linkResolver.cpp, line 759]
Event: 0.444 Thread 0x0000014298c97660 Exception <a 'java/lang/ClassNotFoundException'{0x0000000712f27698}: javax/smartcardio/CardPermission> (0x0000000712f27698) 
thrown [s\src\hotspot\share\classfile\systemDictionary.cpp, line 256]
Event: 0.445 Thread 0x0000014298c97660 Exception <a 'java/io/FileNotFoundException'{0x0000000712f381c0}> (0x0000000712f381c0) 
thrown [s\src\hotspot\share\prims\jni.cpp, line 516]
Event: 0.457 Thread 0x0000014298c97660 Exception <a 'java/lang/NoSuchMethodError'{0x0000000712fc61b0}: 'int java.lang.invoke.DirectMethodHandle$Holder.invokeSpecial(java.lang.Object, java.lang.Object, java.lang.Object)'> (0x0000000712fc61b0) 
thrown [s\src\hotspot\share\interpreter\linkResolver.cpp, line 759]
Event: 0.471 Thread 0x0000014298c97660 Exception <a 'java/lang/reflect/InvocationTargetException'{0x0000000712cb6af0}> (0x0000000712cb6af0) 
thrown [s\src\hotspot\share\runtime\reflection.cpp, line 1121]

VM Operations (20 events):
Event: 110.622 Executing VM operation: get/set locals
Event: 110.622 Executing VM operation: get/set locals done
Event: 110.622 Executing VM operation: get/set locals
Event: 110.623 Executing VM operation: get/set locals done
Event: 110.623 Executing VM operation: get/set locals
Event: 110.623 Executing VM operation: get/set locals done
Event: 110.623 Executing VM operation: get/set locals
Event: 110.623 Executing VM operation: get/set locals done
Event: 110.623 Executing VM operation: get/set locals
Event: 110.623 Executing VM operation: get/set locals done
Event: 110.623 Executing VM operation: get/set locals
Event: 110.623 Executing VM operation: get/set locals done
Event: 110.623 Executing VM operation: get/set locals
Event: 110.623 Executing VM operation: get/set locals done
Event: 110.623 Executing VM operation: get/set locals
Event: 110.623 Executing VM operation: get/set locals done
Event: 172.030 Executing VM operation: RedefineClasses
Event: 172.033 Executing VM operation: RedefineClasses done
Event: 186.181 Executing VM operation: get/set locals
Event: 186.181 Executing VM operation: get/set locals done

Events (20 events):
Event: 0.458 loading class sun/management/Util
Event: 0.458 loading class sun/management/Util done
Event: 0.458 loading class java/lang/management/ManagementPermission
Event: 0.458 loading class java/lang/management/ManagementPermission done
Event: 0.459 loading class java/lang/NumberFormatException
Event: 0.459 loading class java/lang/NumberFormatException done
Event: 0.460 loading class java/util/Stack
Event: 0.460 loading class java/util/Stack done
Event: 0.462 loading class java/io/StringBufferInputStream
Event: 0.462 loading class java/io/StringBufferInputStream done
Event: 0.474 loading class java/lang/Throwable$WrappedPrintWriter
Event: 0.474 loading class java/lang/Throwable$PrintStreamOrWriter
Event: 0.474 loading class java/lang/Throwable$PrintStreamOrWriter done
Event: 0.474 loading class java/lang/Throwable$WrappedPrintWriter done
Event: 0.474 loading class java/lang/StackTraceElement$HashedModules
Event: 0.474 loading class java/lang/StackTraceElement$HashedModules done
Event: 5.487 Thread 0x00000142b8fbb450 Thread exited: 0x00000142b8fbb450
Event: 5.487 Thread 0x00000142b8e05f90 Thread exited: 0x00000142b8e05f90
Event: 5.487 Thread 0x00000142b8db44b0 Thread exited: 0x00000142b8db44b0
Event: 10.501 Thread 0x00000142b8e38020 Thread exited: 0x00000142b8e38020


Dynamic libraries:
0x00007ff6a00d0000 - 0x00007ff6a00de000 	C:\Users\xabar\.p2\pool\plugins\org.eclipse.justj.openjdk.hotspot.jre.full.win32.x86_64_17.0.4.v20220805-1047\jre\bin\javaw.exe
0x00007ffd2c580000 - 0x00007ffd2c789000 	C:\WINDOWS\SYSTEM32\ntdll.dll
0x00007ffd2b2b0000 - 0x00007ffd2b36d000 	C:\WINDOWS\System32\KERNEL32.DLL
0x00007ffd29fc0000 - 0x00007ffd2a33b000 	C:\WINDOWS\System32\KERNELBASE.dll
0x00007ffd29be0000 - 0x00007ffd29cf1000 	C:\WINDOWS\System32\ucrtbase.dll
0x00007ffd1d630000 - 0x00007ffd1d648000 	C:\Users\xabar\.p2\pool\plugins\org.eclipse.justj.openjdk.hotspot.jre.full.win32.x86_64_17.0.4.v20220805-1047\jre\bin\jli.dll
0x00007ffd1a3b0000 - 0x00007ffd1a3c9000 	C:\Users\xabar\.p2\pool\plugins\org.eclipse.justj.openjdk.hotspot.jre.full.win32.x86_64_17.0.4.v20220805-1047\jre\bin\VCRUNTIME140.dll
0x00007ffd2a400000 - 0x00007ffd2a5ad000 	C:\WINDOWS\System32\USER32.dll
0x00007ffd0f630000 - 0x00007ffd0f8d5000 	C:\WINDOWS\WinSxS\amd64_microsoft.windows.common-controls_6595b64144ccf1df_6.0.22000.120_none_9d947278b86cc467\COMCTL32.dll
0x00007ffd29ef0000 - 0x00007ffd29f16000 	C:\WINDOWS\System32\win32u.dll
0x00007ffd2b380000 - 0x00007ffd2b423000 	C:\WINDOWS\System32\msvcrt.dll
0x00007ffd2a670000 - 0x00007ffd2a699000 	C:\WINDOWS\System32\GDI32.dll
0x00007ffd29ac0000 - 0x00007ffd29bd8000 	C:\WINDOWS\System32\gdi32full.dll
0x00007ffd29f20000 - 0x00007ffd29fbd000 	C:\WINDOWS\System32\msvcp_win.dll
0x00007ffd2b0c0000 - 0x00007ffd2b0f1000 	C:\WINDOWS\System32\IMM32.DLL
0x00007ffd230f0000 - 0x00007ffd230fc000 	C:\Users\xabar\.p2\pool\plugins\org.eclipse.justj.openjdk.hotspot.jre.full.win32.x86_64_17.0.4.v20220805-1047\jre\bin\vcruntime140_1.dll
0x00007ffd0c5f0000 - 0x00007ffd0c681000 	C:\Users\xabar\.p2\pool\plugins\org.eclipse.justj.openjdk.hotspot.jre.full.win32.x86_64_17.0.4.v20220805-1047\jre\bin\msvcp140.dll
0x00007ffc3d790000 - 0x00007ffc3e3d6000 	C:\Users\xabar\.p2\pool\plugins\org.eclipse.justj.openjdk.hotspot.jre.full.win32.x86_64_17.0.4.v20220805-1047\jre\bin\server\jvm.dll
0x00007ffd2a5c0000 - 0x00007ffd2a66e000 	C:\WINDOWS\System32\ADVAPI32.dll
0x00007ffd2b430000 - 0x00007ffd2b4ce000 	C:\WINDOWS\System32\sechost.dll
0x00007ffd2afa0000 - 0x00007ffd2b0c0000 	C:\WINDOWS\System32\RPCRT4.dll
0x00007ffd2b100000 - 0x00007ffd2b108000 	C:\WINDOWS\System32\PSAPI.DLL
0x00007ffd22140000 - 0x00007ffd22173000 	C:\WINDOWS\SYSTEM32\WINMM.dll
0x00007ffc9bfe0000 - 0x00007ffc9bfe9000 	C:\WINDOWS\SYSTEM32\WSOCK32.dll
0x00007ffd1ef60000 - 0x00007ffd1ef6a000 	C:\WINDOWS\SYSTEM32\VERSION.dll
0x00007ffd2ab30000 - 0x00007ffd2ab9f000 	C:\WINDOWS\System32\WS2_32.dll
0x00007ffd28bc0000 - 0x00007ffd28bd8000 	C:\WINDOWS\SYSTEM32\kernel.appcore.dll
0x00007ffce7b70000 - 0x00007ffce7b7a000 	C:\Users\xabar\.p2\pool\plugins\org.eclipse.justj.openjdk.hotspot.jre.full.win32.x86_64_17.0.4.v20220805-1047\jre\bin\jimage.dll
0x00007ffd27430000 - 0x00007ffd27651000 	C:\WINDOWS\SYSTEM32\DBGHELP.DLL
0x00007ffd22100000 - 0x00007ffd22131000 	C:\WINDOWS\SYSTEM32\dbgcore.DLL
0x00007ffd29e70000 - 0x00007ffd29eef000 	C:\WINDOWS\System32\bcryptPrimitives.dll
0x00007ffd0dc40000 - 0x00007ffd0dc7b000 	C:\Users\xabar\.p2\pool\plugins\org.eclipse.justj.openjdk.hotspot.jre.full.win32.x86_64_17.0.4.v20220805-1047\jre\bin\jdwp.dll
0x00007ffd1f3b0000 - 0x00007ffd1f3be000 	C:\Users\xabar\.p2\pool\plugins\org.eclipse.justj.openjdk.hotspot.jre.full.win32.x86_64_17.0.4.v20220805-1047\jre\bin\instrument.dll
0x00007ffcc9ea0000 - 0x00007ffcc9ec5000 	C:\Users\xabar\.p2\pool\plugins\org.eclipse.justj.openjdk.hotspot.jre.full.win32.x86_64_17.0.4.v20220805-1047\jre\bin\java.dll
0x00007ffcc0c70000 - 0x00007ffcc0c88000 	C:\Users\xabar\.p2\pool\plugins\org.eclipse.justj.openjdk.hotspot.jre.full.win32.x86_64_17.0.4.v20220805-1047\jre\bin\zip.dll
0x00007ffd2b4d0000 - 0x00007ffd2bc88000 	C:\WINDOWS\System32\SHELL32.dll
0x00007ffd27b50000 - 0x00007ffd283b5000 	C:\WINDOWS\SYSTEM32\windows.storage.dll
0x00007ffd2aba0000 - 0x00007ffd2af17000 	C:\WINDOWS\System32\combase.dll
0x00007ffd279e0000 - 0x00007ffd27b46000 	C:\WINDOWS\SYSTEM32\wintypes.dll
0x00007ffd2a790000 - 0x00007ffd2a87a000 	C:\WINDOWS\System32\SHCORE.dll
0x00007ffd2bc90000 - 0x00007ffd2bced000 	C:\WINDOWS\System32\shlwapi.dll
0x00007ffd29980000 - 0x00007ffd299a1000 	C:\WINDOWS\SYSTEM32\profapi.dll
0x00007ffd1e350000 - 0x00007ffd1e35c000 	C:\Users\xabar\.p2\pool\plugins\org.eclipse.justj.openjdk.hotspot.jre.full.win32.x86_64_17.0.4.v20220805-1047\jre\bin\dt_socket.dll
0x00007ffd28670000 - 0x00007ffd2869d000 	C:\WINDOWS\SYSTEM32\IPHLPAPI.DLL
0x00007ffd29060000 - 0x00007ffd290c7000 	C:\WINDOWS\system32\mswsock.dll
0x00007ffd286a0000 - 0x00007ffd28788000 	C:\WINDOWS\SYSTEM32\DNSAPI.dll
0x00007ffd2a780000 - 0x00007ffd2a789000 	C:\WINDOWS\System32\NSI.dll
0x000000005a210000 - 0x000000005a236000 	C:\Program Files\Bonjour\mdnsNSP.dll
0x00007ffd1ee90000 - 0x00007ffd1ee9a000 	C:\Windows\System32\rasadhlp.dll
0x00007ffd1e8b0000 - 0x00007ffd1e931000 	C:\WINDOWS\System32\fwpuclnt.dll
0x00007ffd1a330000 - 0x00007ffd1a349000 	C:\Users\xabar\.p2\pool\plugins\org.eclipse.justj.openjdk.hotspot.jre.full.win32.x86_64_17.0.4.v20220805-1047\jre\bin\net.dll
0x00007ffd22430000 - 0x00007ffd2253c000 	C:\WINDOWS\SYSTEM32\WINHTTP.dll
0x00007ffd1a2f0000 - 0x00007ffd1a305000 	C:\Users\xabar\.p2\pool\plugins\org.eclipse.justj.openjdk.hotspot.jre.full.win32.x86_64_17.0.4.v20220805-1047\jre\bin\nio.dll
0x00007ffd225c0000 - 0x00007ffd225d0000 	C:\Users\xabar\.p2\pool\plugins\org.eclipse.justj.openjdk.hotspot.jre.full.win32.x86_64_17.0.4.v20220805-1047\jre\bin\verify.dll
0x00007ffd21640000 - 0x00007ffd21659000 	C:\WINDOWS\SYSTEM32\dhcpcsvc6.DLL
0x00007ffd21660000 - 0x00007ffd2167e000 	C:\WINDOWS\SYSTEM32\dhcpcsvc.DLL
0x00007ffd1c0a0000 - 0x00007ffd1c0a9000 	C:\Users\xabar\.p2\pool\plugins\org.eclipse.justj.openjdk.hotspot.jre.full.win32.x86_64_17.0.4.v20220805-1047\jre\bin\management.dll
0x00007ffd1a1b0000 - 0x00007ffd1a1bb000 	C:\Users\xabar\.p2\pool\plugins\org.eclipse.justj.openjdk.hotspot.jre.full.win32.x86_64_17.0.4.v20220805-1047\jre\bin\management_ext.dll

dbghelp: loaded successfully - version: 4.0.5 - missing functions: none
symbol engine: initialized successfully - sym options: 0x614 - pdb path: .;C:\Users\xabar\.p2\pool\plugins\org.eclipse.justj.openjdk.hotspot.jre.full.win32.x86_64_17.0.4.v20220805-1047\jre\bin;C:\WINDOWS\SYSTEM32;C:\WINDOWS\WinSxS\amd64_microsoft.windows.common-controls_6595b64144ccf1df_6.0.22000.120_none_9d947278b86cc467;C:\Users\xabar\.p2\pool\plugins\org.eclipse.justj.openjdk.hotspot.jre.full.win32.x86_64_17.0.4.v20220805-1047\jre\bin\server;C:\Program Files\Bonjour

VM Arguments:
jvm_args: -XX:+ShowCodeDetailsInExceptionMessages -agentlib:jdwp=transport=dt_socket,suspend=y,address=localhost:25981 -ea -javaagent:C:\Users\xabar\eclipse\java-2022-06\eclipse\configuration\org.eclipse.osgi\215\0\.cp\lib\javaagent-shaded.jar -Dfile.encoding=UTF-8 
java_command: org.eclipse.jdt.internal.junit.runner.RemoteTestRunner -version 3 -port 25980 -testLoaderClass org.eclipse.jdt.internal.junit4.runner.JUnit4TestLoader -loaderpluginname org.eclipse.jdt.junit4.runtime -classNames spacecolonies.PlanetTest
java_class_path (initial): C:\Users\xabar\Desktop\College\CS2114\SpaceColonies\bin;C:\Users\xabar\Desktop\College\CS2114\CS2DataStructuresLib\lib\CS2-DataStructuresAll.jar;C:\Users\xabar\Desktop\College\CS2114\CS2DataStructuresLib\bin;C:\Users\xabar\Desktop\College\CS2114\CS2-Support\student.jar;C:\Users\xabar\Desktop\College\CS2114\CS2-Support;C:\Users\xabar\Desktop\College\CS2114\CS2-Support\exception-doctor_1.0.6.jar;C:\Users\xabar\Desktop\College\CS2114\CS2-Support\BTtracker.jar;C:\Users\xabar\Desktop\College\CS2114\CS2-Support\gnu-regexp-1.1.0.jar;C:\Users\xabar\Desktop\College\CS2114\CS2-Support\jdom.jar;C:\Users\xabar\Desktop\College\CS2114\CS2-Support\acm.jar;C:\Users\xabar\Desktop\College\CS2114\CS2-Support\bsh.jar;C:\Users\xabar\Desktop\College\CS2114\CS2-Support\commons-codec-1.3.jar;C:\Users\xabar\Desktop\College\CS2114\CS2-Support\javazoom.jar;C:\Users\xabar\Desktop\College\CS2114\CS2-Support\jgraph.jar;C:\Users\xabar\Desktop\College\CS2114\CS2-Support\jmf.jar;C:\Users\xabar\Desktop\College\CS2114\CS2-Support\mediacomp.jar;C:\Users\xabar\Desktop\College\CS2114\CS2-Support\rome-0.9.jar;C:\Users\xabar\Desktop\College\CS2114\CS2-Support\serializer.jar;C:\Users\xabar\Desktop\College\CS2114\CS2-Support\sound.jar;C:\Users\xabar\Desktop\College\CS2114\CS2-Support\tagsoup-1.2.jar;C:\Users\xabar\Desktop\College\CS2114\CS2-Support\utils.jar;C:\Users\xabar\Desktop\College\CS2114\CS2-Support\xalan.jar;C:\Users\xabar\Desktop\College\CS2114\CS2-Support\xercesImpl.jar;C:\Users\xabar\Desktop\College\CS2114\CS2-Support\xml-apis.jar;C:\Users\xabar\Desktop\College\CS2114\CS2-Support\xpp3_min-1.1.4c.jar;C:\Users\xabar\Desktop\College\CS2114\CS2-Support\xstream-1.3.1.jar;C:\Users\xabar\Desktop\College\CS2114\CS2GraphWindowLib\lib\CS2-GraphWindowAll.jar;C:\Users\xabar\Desktop\College\CS2114\CS2GraphWindowLib\bin;C:\Users\xabar\eclipse\java-2022-06\eclipse\configuration\org.eclipse.osgi\213\0\.cp;C:\Users\xabar\eclipse\java-2022-06\eclipse\configuration\org.eclipse.osgi\212
Launcher Type: SUN_STANDARD

[Global flags]
     intx CICompilerCount                          = 12                                        {product} {ergonomic}
     uint ConcGCThreads                            = 3                                         {product} {ergonomic}
     uint G1ConcRefinementThreads                  = 13                                        {product} {ergonomic}
   size_t G1HeapRegionSize                         = 2097152                                   {product} {ergonomic}
    uintx GCDrainStackTargetSize                   = 64                                        {product} {ergonomic}
   size_t InitialHeapSize                          = 264241152                                 {product} {ergonomic}
   size_t MarkStackSize                            = 4194304                                   {product} {ergonomic}
   size_t MaxHeapSize                              = 4223664128                                {product} {ergonomic}
   size_t MaxNewSize                               = 2533359616                                {product} {ergonomic}
   size_t MinHeapDeltaBytes                        = 2097152                                   {product} {ergonomic}
   size_t MinHeapSize                              = 8388608                                   {product} {ergonomic}
    uintx NonNMethodCodeHeapSize                   = 7602480                                {pd product} {ergonomic}
    uintx NonProfiledCodeHeapSize                  = 122027880                              {pd product} {ergonomic}
    uintx ProfiledCodeHeapSize                     = 122027880                              {pd product} {ergonomic}
    uintx ReservedCodeCacheSize                    = 251658240                              {pd product} {ergonomic}
     bool SegmentedCodeCache                       = true                                      {product} {ergonomic}
     bool ShowCodeDetailsInExceptionMessages       = true                                   {manageable} {command line}
   size_t SoftMaxHeapSize                          = 4223664128                             {manageable} {ergonomic}
     bool UseCompressedClassPointers               = true                           {product lp64_product} {ergonomic}
     bool UseCompressedOops                        = true                           {product lp64_product} {ergonomic}
     bool UseG1GC                                  = true                                      {product} {ergonomic}
     bool UseLargePagesIndividualAllocation        = false                                  {pd product} {ergonomic}

Logging:
Log output configuration:
 #0: stdout all=warning uptime,level,tags
 #1: stderr all=off uptime,level,tags

Environment Variables:
PATH=C:\Users\xabar\.p2\pool\plugins\org.eclipse.justj.openjdk.hotspot.jre.full.win32.x86_64_17.0.4.v20220805-1047\jre\bin;C:/Users/xabar/.p2/pool/plugins/org.eclipse.justj.openjdk.hotspot.jre.full.win32.x86_64_17.0.4.v20220805-1047/jre/bin/server;C:/Users/xabar/.p2/pool/plugins/org.eclipse.justj.openjdk.hotspot.jre.full.win32.x86_64_17.0.4.v20220805-1047/jre/bin;C:\Program Files (x86)\Common Files\Oracle\Java\javapath;C:\Windows\system32;C:\Windows;C:\Windows\System32\Wbem;C:\Windows\System32\WindowsPowerShell\v1.0\;C:\Windows\System32\OpenSSH\;C:\Program Files (x86)\NVIDIA Corporation\PhysX\Common;C:\Program Files\NVIDIA Corporation\NVIDIA NvDLISR;C:\Program Files\Wolfram Research\WolframScript\;C:\Program Files\MATLAB\R2021a\bin;C:\WINDOWS\system32;C:\WINDOWS;C:\WINDOWS\System32\Wbem;C:\WINDOWS\System32\WindowsPowerShell\v1.0\;C:\WINDOWS\System32\OpenSSH\;C:\Program Files (x86)\Windows Kits\8.1\Windows Performance Toolkit\;C:\Program Files\dotnet\;C:\Program Files\Git\cmd;C:\Users\xabar\AppData\Local\Microsoft\WindowsApps;;C:\WINDOWS\system32;
USERNAME=xabar
OS=Windows_NT
PROCESSOR_IDENTIFIER=Intel64 Family 6 Model 141 Stepping 1, GenuineIntel
TMP=C:\Users\xabar\AppData\Local\Temp
TEMP=C:\Users\xabar\AppData\Local\Temp



---------------  S Y S T E M  ---------------

OS:
 Windows 11 , 64 bit Build 22000 (10.0.22000.708)
OS uptime: 0 days 22:14 hours

CPU: total 16 (initial active 16) (8 cores per cpu, 2 threads per core) family 6 model 141 stepping 1 microcode 0x3e, cx8, cmov, fxsr, ht, mmx, 3dnowpref, sse, sse2, sse3, ssse3, sse4.1, sse4.2, popcnt, lzcnt, tsc, tscinvbit, avx, avx2, aes, erms, clmul, bmi1, bmi2, adx, avx512f, avx512dq, avx512cd, avx512bw, avx512vl, sha, fma, vzeroupper, avx512_vpopcntdq, avx512_vpclmulqdq, avx512_vaes, avx512_vnni, clflush, clflushopt, clwb, avx512_vbmi2, avx512_vbmi

Memory: 4k page, system-wide physical 16107M (3774M free)
TotalPageFile size 29931M (AvailPageFile size 8839M)
current process WorkingSet (physical memory assigned to process): 67M, peak: 73M
current process commit charge ("private bytes"): 356M, peak: 362M

vm_info: OpenJDK 64-Bit Server VM (17.0.4+8) for windows-amd64 JRE (17.0.4+8), built on Jul 19 2022 16:05:16 by "temurin" with MS VC++ 16.7 (VS2019)

END.
